

[5:52:17 pm 2/9/2023] [E:\learning\Next-advanched\.next\server\app\api\quiz\create\route.js]: 
JsonWebTokenError: jwt malformed

[5:53:17 pm 2/9/2023] [E:\learning\Next-advanched\.next\server\app\api\quiz\create\route.js]: 
JsonWebTokenError: jwt malformed

[5:53:58 pm 2/9/2023] [E:\learning\Next-advanched\.next\server\app\api\quiz\create\route.js]: 
JsonWebTokenError: jwt malformed

[5:54:22 pm 2/9/2023] [E:\learning\Next-advanched\.next\server\app\api\quiz\create\route.js]: 
JsonWebTokenError: jwt malformed

[5:54:22 pm 2/9/2023] [E:\learning\Next-advanched\.next\server\app\api\quiz\create\route.js]: 
JsonWebTokenError: jwt malformed

[5:54:24 pm 2/9/2023] [E:\learning\Next-advanched\.next\server\app\api\quiz\create\route.js]: 
JsonWebTokenError: jwt malformed

[5:54:24 pm 2/9/2023] [E:\learning\Next-advanched\.next\server\app\api\quiz\create\route.js]: 
JsonWebTokenError: jwt malformed

[5:54:24 pm 2/9/2023] [E:\learning\Next-advanched\.next\server\app\api\quiz\create\route.js]: 
JsonWebTokenError: jwt malformed

[5:55:49 pm 2/9/2023] [E:\learning\Next-advanched\.next\server\app\api\quiz\create\route.js]: 
JsonWebTokenError: jwt malformed

[6:02:05 pm 2/9/2023] [E:\learning\Next-advanched\.next\server\app\api\auth\authorize\route.js]: 
JsonWebTokenError: jwt malformed

[8:13:25 pm 2/9/2023] [E:\learning\Next-advanched\.next\server\app\api\quiz\create\route.js]: 
TokenExpiredError: jwt expired

[8:16:31 pm 2/9/2023] [E:\learning\Next-advanched\.next\server\app\api\quiz\create\route.js]: 
TokenExpiredError: jwt expired

[8:17:29 pm 2/9/2023] [E:\learning\Next-advanched\.next\server\app\api\quiz\create\route.js]: 
TokenExpiredError: jwt expired

[8:17:34 pm 2/9/2023] [E:\learning\Next-advanched\.next\server\app\api\quiz\create\route.js]: 
TokenExpiredError: jwt expired

[8:19:41 pm 2/9/2023] [E:\learning\Next-advanched\.next\server\app\api\quiz\create\route.js]: 
TokenExpiredError: jwt expired

[8:24:35 pm 2/9/2023] [E:\learning\Next-advanched\.next\server\app\api\auth\authorize\route.js]: 
TokenExpiredError: jwt expired

[8:24:53 pm 2/9/2023] [E:\learning\Next-advanched\.next\server\app\api\auth\authorize\route.js]: 
TokenExpiredError: jwt expired

[8:25:51 pm 2/9/2023] [E:\learning\Next-advanched\.next\server\app\api\auth\authorize\route.js]: 
JsonWebTokenError: jwt malformed

[8:26:18 pm 2/9/2023] [E:\learning\Next-advanched\.next\server\app\api\auth\authorize\route.js]: 
JsonWebTokenError: jwt malformed

[8:29:19 pm 2/9/2023] [E:\learning\Next-advanched\.next\server\app\api\auth\authorize\route.js]: 
JsonWebTokenError: jwt malformed

[8:29:20 pm 2/9/2023] [E:\learning\Next-advanched\.next\server\app\api\auth\authorize\route.js]: 
JsonWebTokenError: jwt malformed

[8:29:25 pm 2/9/2023] [E:\learning\Next-advanched\.next\server\app\api\auth\authorize\route.js]: 
JsonWebTokenError: jwt malformed

[8:29:26 pm 2/9/2023] [E:\learning\Next-advanched\.next\server\app\api\auth\authorize\route.js]: 
JsonWebTokenError: jwt malformed

[8:30:14 pm 2/9/2023] [E:\learning\Next-advanched\.next\server\app\api\auth\authorize\route.js]: 
JsonWebTokenError: jwt malformed

[8:30:16 pm 2/9/2023] [E:\learning\Next-advanched\.next\server\app\api\auth\authorize\route.js]: 
JsonWebTokenError: jwt malformed

[8:41:24 pm 2/9/2023] [E:\learning\Next-advanched\.next\server\app\api\auth\authorize\route.js]: 
JsonWebTokenError: jwt malformed

[8:41:32 pm 2/9/2023] [E:\learning\Next-advanched\.next\server\app\api\auth\authorize\route.js]: 
JsonWebTokenError: jwt malformed

[8:41:33 pm 2/9/2023] [E:\learning\Next-advanched\.next\server\app\api\auth\authorize\route.js]: 
JsonWebTokenError: jwt malformed

[12:40:35 pm 3/9/2023] [E:\learning\Next-advanched\.next\server\app\api\auth\authorize\route.js]: 
TokenExpiredError: jwt expired

[5:04:27 pm 3/9/2023] [E:\learning\Next-advanched\.next\server\app\api\quiz\create\route.js]: 
TokenExpiredError: jwt expired

[5:05:17 pm 3/9/2023] [E:\learning\Next-advanched\.next\server\app\api\quiz\create\route.js]: 
TokenExpiredError: jwt expired

[5:05:24 pm 3/9/2023] [E:\learning\Next-advanched\.next\server\app\api\quiz\create\route.js]: 
TokenExpiredError: jwt expired

[5:05:45 pm 3/9/2023] [E:\learning\Next-advanched\.next\server\app\api\quiz\create\route.js]: 
TokenExpiredError: jwt expired

[5:06:16 pm 3/9/2023] [E:\learning\Next-advanched\.next\server\app\api\quiz\create\route.js]: 
TokenExpiredError: jwt expired

[5:06:17 pm 3/9/2023] [E:\learning\Next-advanched\.next\server\app\api\quiz\create\route.js]: 
TokenExpiredError: jwt expired

[5:06:18 pm 3/9/2023] [E:\learning\Next-advanched\.next\server\app\api\quiz\create\route.js]: 
TokenExpiredError: jwt expired

[5:06:51 pm 3/9/2023] [E:\learning\Next-advanched\.next\server\app\api\quiz\create\route.js]: 
TokenExpiredError: jwt expired

[5:08:23 pm 3/9/2023] [E:\learning\Next-advanched\.next\server\app\api\quiz\create\route.js]: 
TokenExpiredError: jwt expired

[5:08:29 pm 3/9/2023] [E:\learning\Next-advanched\.next\server\app\api\auth\authorize\route.js]: 
TokenExpiredError: jwt expired

[5:30:49 pm 3/9/2023] [E:\learning\Next-advanched\.next\server\app\api\quiz\create\route.js]: 
error: duplicate key value violates unique constraint "questions_pkey"